0 info it worked if it ends with ok
1 verbose cli [ 'D:\\Program Files\\nodejs\\node.exe',
1 verbose cli   'C:\\Users\\adming\\AppData\\Roaming\\npm\\node_modules\\npm\\bin\\npm-cli.js',
1 verbose cli   'publish' ]
2 info using npm@4.1.2
3 info using node@v6.9.2
4 verbose publish [ '.' ]
5 silly cache add args [ '.', null ]
6 verbose cache add spec .
7 silly cache add parsed spec Result {
7 silly cache add   raw: '.',
7 silly cache add   scope: null,
7 silly cache add   escapedName: null,
7 silly cache add   name: null,
7 silly cache add   rawSpec: '.',
7 silly cache add   spec: 'D:\\GitBook\\GitBookTheme\\theme-test',
7 silly cache add   type: 'directory' }
8 verbose addLocalDirectory C:\Users\adming\AppData\Roaming\npm-cache\gitbook-plugin-theme-test\1.0.6\package.tgz not in flight; packing
9 verbose correctMkdir C:\Users\adming\AppData\Roaming\npm-cache correctMkdir not in flight; initializing
10 warn prepublish-on-install As of npm@5, `prepublish` scripts will run only for `npm publish`.
11 warn prepublish-on-install (In npm@4 and previous versions, it also runs for `npm install`.)
12 warn prepublish-on-install See the deprecation note in `npm help scripts` for more information.
13 info lifecycle gitbook-plugin-theme-test@1.0.6~prepublish: gitbook-plugin-theme-test@1.0.6
14 verbose lifecycle gitbook-plugin-theme-test@1.0.6~prepublish: unsafe-perm in lifecycle true
15 verbose lifecycle gitbook-plugin-theme-test@1.0.6~prepublish: PATH: C:\Users\adming\AppData\Roaming\npm\node_modules\npm\bin\node-gyp-bin;D:\GitBook\GitBookTheme\theme-test\node_modules\.bin;C:\Program Files\Java\jdk1.8.0_65\bin;D:\Tomcat\apache-tomcat-8.0.28\lib;D:\Tomcat\apache-tomcat-8.0.28\bin;%ZOOKEEPER_HOME%/bin;%ZOOKEEPER_HOME%/conf;D:\Mevean\apache-maven-3.3.3\bin;D:\Git\bin;D:\Program Files\softWareInstall\cmder;D:\tortoiseGit\bin;D:\Program Files\softWareInstall\Python3.4.4;D:\Program Files\gradle-2.9-all\gradle-2.9\bin;D:\Program Files\nodejs\;C:\Windows\System32;D:\MyEclipse\AndroidSDK\android-sdk-windows\tools;D:\MyEclipse\AndroidSDK\android-sdk-windows\platform-tools;C:\Users\adming\AppData\Roaming\npm
16 verbose lifecycle gitbook-plugin-theme-test@1.0.6~prepublish: CWD: D:\GitBook\GitBookTheme\theme-test
17 silly lifecycle gitbook-plugin-theme-test@1.0.6~prepublish: Args: [ '/d /s /c', './src/build.sh' ]
18 silly lifecycle gitbook-plugin-theme-test@1.0.6~prepublish: Returned: code: 1  signal: null
19 info lifecycle gitbook-plugin-theme-test@1.0.6~prepublish: Failed to exec prepublish script
20 error addLocal Could not install D:\GitBook\GitBookTheme\theme-test
21 verbose stack Error: gitbook-plugin-theme-test@1.0.6 prepublish: `./src/build.sh`
21 verbose stack Exit status 1
21 verbose stack     at EventEmitter.<anonymous> (C:\Users\adming\AppData\Roaming\npm\node_modules\npm\lib\utils\lifecycle.js:279:16)
21 verbose stack     at emitTwo (events.js:106:13)
21 verbose stack     at EventEmitter.emit (events.js:191:7)
21 verbose stack     at ChildProcess.<anonymous> (C:\Users\adming\AppData\Roaming\npm\node_modules\npm\lib\utils\spawn.js:40:14)
21 verbose stack     at emitTwo (events.js:106:13)
21 verbose stack     at ChildProcess.emit (events.js:191:7)
21 verbose stack     at maybeClose (internal/child_process.js:877:16)
21 verbose stack     at Process.ChildProcess._handle.onexit (internal/child_process.js:226:5)
22 verbose pkgid gitbook-plugin-theme-test@1.0.6
23 verbose cwd D:\GitBook\GitBookTheme\theme-test
24 error Windows_NT 6.1.7601
25 error argv "D:\\Program Files\\nodejs\\node.exe" "C:\\Users\\adming\\AppData\\Roaming\\npm\\node_modules\\npm\\bin\\npm-cli.js" "publish"
26 error node v6.9.2
27 error npm  v4.1.2
28 error code ELIFECYCLE
29 error gitbook-plugin-theme-test@1.0.6 prepublish: `./src/build.sh`
29 error Exit status 1
30 error Failed at the gitbook-plugin-theme-test@1.0.6 prepublish script './src/build.sh'.
30 error Make sure you have the latest version of node.js and npm installed.
30 error If you do, this is most likely a problem with the gitbook-plugin-theme-test package,
30 error not with npm itself.
30 error Tell the author that this fails on your system:
30 error     ./src/build.sh
30 error You can get information on how to open an issue for this project with:
30 error     npm bugs gitbook-plugin-theme-test
30 error Or if that isn't available, you can get their info via:
30 error     npm owner ls gitbook-plugin-theme-test
30 error There is likely additional logging output above.
31 verbose exit [ 1, true ]
